2022-08-11 10:30:11.828  INFO 13432 --- [restartedMain] com.tweetapp.api.ApiApplication          : Starting ApiApplication using Java 17.0.2 on DESKTOP-HSHOBEQ with PID 13432 (C:\Users\King Slayer\Documents\workspace-spring-tool-suite-4-4.14.1.RELEASE\tweet\target\classes started by King Slayer in C:\Users\King Slayer\Documents\workspace-spring-tool-suite-4-4.14.1.RELEASE\tweet)
2022-08-11 10:30:11.831 DEBUG 13432 --- [restartedMain] com.tweetapp.api.ApiApplication          : Running with Spring Boot v2.4.5, Spring v5.3.6
2022-08-11 10:30:11.831  INFO 13432 --- [restartedMain] com.tweetapp.api.ApiApplication          : No active profile set, falling back to default profiles: default
2022-08-11 10:30:11.867  INFO 13432 --- [restartedMain] o.s.b.devtools.restart.ChangeableUrls    : The Class-Path manifest attribute in C:\Users\King Slayer\.m2\repository\org\glassfish\jaxb\jaxb-runtime\2.3.2\jaxb-runtime-2.3.2.jar referenced one or more files that do not exist: file:/C:/Users/King%20Slayer/.m2/repository/org/glassfish/jaxb/jaxb-runtime/2.3.2/jakarta.xml.bind-api-2.3.2.jar,file:/C:/Users/King%20Slayer/.m2/repository/org/glassfish/jaxb/jaxb-runtime/2.3.2/txw2-2.3.2.jar,file:/C:/Users/King%20Slayer/.m2/repository/org/glassfish/jaxb/jaxb-runtime/2.3.2/istack-commons-runtime-3.0.8.jar,file:/C:/Users/King%20Slayer/.m2/repository/org/glassfish/jaxb/jaxb-runtime/2.3.2/stax-ex-1.8.1.jar,file:/C:/Users/King%20Slayer/.m2/repository/org/glassfish/jaxb/jaxb-runtime/2.3.2/FastInfoset-1.2.16.jar,file:/C:/Users/King%20Slayer/.m2/repository/org/glassfish/jaxb/jaxb-runtime/2.3.2/jakarta.activation-api-1.2.1.jar
2022-08-11 10:30:11.867  INFO 13432 --- [restartedMain] .e.DevToolsPropertyDefaultsPostProcessor : Devtools property defaults active! Set 'spring.devtools.add-properties' to 'false' to disable
2022-08-11 10:30:11.867  INFO 13432 --- [restartedMain] .e.DevToolsPropertyDefaultsPostProcessor : For additional web related logging consider setting the 'logging.level.web' property to 'DEBUG'
2022-08-11 10:30:12.557  INFO 13432 --- [restartedMain] .s.d.r.c.RepositoryConfigurationDelegate : Bootstrapping Spring Data MongoDB repositories in DEFAULT mode.
2022-08-11 10:30:12.590  INFO 13432 --- [restartedMain] .s.d.r.c.RepositoryConfigurationDelegate : Finished Spring Data repository scanning in 29 ms. Found 2 MongoDB repository interfaces.
2022-08-11 10:30:12.911  INFO 13432 --- [restartedMain] o.s.b.w.embedded.tomcat.TomcatWebServer  : Tomcat initialized with port(s): 8090 (http)
2022-08-11 10:30:12.917  INFO 13432 --- [restartedMain] o.apache.catalina.core.StandardService   : Starting service [Tomcat]
2022-08-11 10:30:12.918  INFO 13432 --- [restartedMain] org.apache.catalina.core.StandardEngine  : Starting Servlet engine: [Apache Tomcat/9.0.45]
2022-08-11 10:30:13.039  INFO 13432 --- [restartedMain] org.apache.jasper.servlet.TldScanner     : At least one JAR was scanned for TLDs yet contained no TLDs. Enable debug logging for this logger for a complete list of JARs that were scanned but no TLDs were found in them. Skipping unneeded JARs during scanning can improve startup time and JSP compilation time.
2022-08-11 10:30:13.043  INFO 13432 --- [restartedMain] o.a.c.c.C.[Tomcat].[localhost].[/]       : Initializing Spring embedded WebApplicationContext
2022-08-11 10:30:13.044  INFO 13432 --- [restartedMain] w.s.c.ServletWebServerApplicationContext : Root WebApplicationContext: initialization completed in 1177 ms
2022-08-11 10:30:13.550  INFO 13432 --- [Thread-4] o.s.b.a.mongo.embedded.EmbeddedMongo     : note: noprealloc may hurt performance in many applications
2022-08-11 10:30:13.577  INFO 13432 --- [Thread-4] o.s.b.a.mongo.embedded.EmbeddedMongo     : 2022-08-11T10:30:13.576+0530 I CONTROL  [initandlisten] MongoDB starting : pid=10084 port=60210 dbpath=C:\Users\KINGSL~1\AppData\Local\Temp\embedmongo-db-1bd3b5a0-c03a-49f4-86ee-d30236ad07bb 64-bit host=DESKTOP-HSHOBEQ
2022-08-11 10:30:13.577  INFO 13432 --- [Thread-4] o.s.b.a.mongo.embedded.EmbeddedMongo     : 2022-08-11T10:30:13.577+0530 I CONTROL  [initandlisten] targetMinOS: Windows Vista/Windows Server 2008
2022-08-11 10:30:13.577  INFO 13432 --- [Thread-4] o.s.b.a.mongo.embedded.EmbeddedMongo     : 2022-08-11T10:30:13.577+0530 I CONTROL  [initandlisten] db version v3.5.5
2022-08-11 10:30:13.577  INFO 13432 --- [Thread-4] o.s.b.a.mongo.embedded.EmbeddedMongo     : 2022-08-11T10:30:13.577+0530 I CONTROL  [initandlisten] git version: 98515c812b6fa893613f063dae568ff8319cbfbd
2022-08-11 10:30:13.577  INFO 13432 --- [Thread-4] o.s.b.a.mongo.embedded.EmbeddedMongo     : 2022-08-11T10:30:13.577+0530 I CONTROL  [initandlisten] allocator: tcmalloc
2022-08-11 10:30:13.577  INFO 13432 --- [Thread-4] o.s.b.a.mongo.embedded.EmbeddedMongo     : 2022-08-11T10:30:13.577+0530 I CONTROL  [initandlisten] modules: none
2022-08-11 10:30:13.577  INFO 13432 --- [Thread-4] o.s.b.a.mongo.embedded.EmbeddedMongo     : 2022-08-11T10:30:13.577+0530 I CONTROL  [initandlisten] build environment:
2022-08-11 10:30:13.577  INFO 13432 --- [Thread-4] o.s.b.a.mongo.embedded.EmbeddedMongo     : 2022-08-11T10:30:13.577+0530 I CONTROL  [initandlisten]     distarch: x86_64
2022-08-11 10:30:13.577  INFO 13432 --- [Thread-4] o.s.b.a.mongo.embedded.EmbeddedMongo     : 2022-08-11T10:30:13.577+0530 I CONTROL  [initandlisten]     target_arch: x86_64
2022-08-11 10:30:13.577  INFO 13432 --- [Thread-4] o.s.b.a.mongo.embedded.EmbeddedMongo     : 2022-08-11T10:30:13.577+0530 I CONTROL  [initandlisten] options: { net: { bindIp: "127.0.0.1", http: { enabled: false }, port: 60210 }, security: { authorization: "disabled" }, storage: { dbPath: "C:\Users\KINGSL~1\AppData\Local\Temp\embedmongo-db-1bd3b5a0-c03a-49f4-86ee-d30236ad07bb", journal: { enabled: false }, mmapv1: { preallocDataFiles: false, smallFiles: true }, syncPeriodSecs: 0.0 } }
2022-08-11 10:30:13.578  INFO 13432 --- [Thread-4] o.s.b.a.mongo.embedded.EmbeddedMongo     : 2022-08-11T10:30:13.578+0530 I STORAGE  [initandlisten] wiredtiger_open config: create,cache_size=7573M,session_max=20000,eviction=(threads_min=4,threads_max=4),config_base=false,statistics=(fast),log=(enabled=true,archive=true,path=journal,compressor=snappy),file_manager=(close_idle_time=100000),checkpoint=(wait=0,log_size=2GB),statistics_log=(wait=0),verbose=(recovery_progress),,log=(enabled=false),
2022-08-11 10:30:13.634  INFO 13432 --- [Thread-4] o.s.b.a.mongo.embedded.EmbeddedMongo     : 2022-08-11T10:30:13.634+0530 W STORAGE  [initandlisten] Detected configuration for non-active storage engine mmapv1 when current storage engine is wiredTiger
2022-08-11 10:30:13.634  INFO 13432 --- [Thread-4] o.s.b.a.mongo.embedded.EmbeddedMongo     : 2022-08-11T10:30:13.634+0530 I CONTROL  [initandlisten] 
2022-08-11 10:30:13.634  INFO 13432 --- [Thread-4] o.s.b.a.mongo.embedded.EmbeddedMongo     : 2022-08-11T10:30:13.634+0530 I CONTROL  [initandlisten] ** NOTE: This is a development version (3.5.5) of MongoDB.
2022-08-11 10:30:13.634  INFO 13432 --- [Thread-4] o.s.b.a.mongo.embedded.EmbeddedMongo     : 2022-08-11T10:30:13.634+0530 I CONTROL  [initandlisten] **       Not recommended for production.
2022-08-11 10:30:13.634  INFO 13432 --- [Thread-4] o.s.b.a.mongo.embedded.EmbeddedMongo     : 2022-08-11T10:30:13.634+0530 I CONTROL  [initandlisten] 
2022-08-11 10:30:13.715  INFO 13432 --- [Thread-4] o.s.b.a.mongo.embedded.EmbeddedMongo     : 2022-08-11T10:30:13.715+0530 I FTDC     [initandlisten] Initializing full-time diagnostic data capture with directory 'C:/Users/KINGSL~1/AppData/Local/Temp/embedmongo-db-1bd3b5a0-c03a-49f4-86ee-d30236ad07bb/diagnostic.data'
2022-08-11 10:30:13.744  INFO 13432 --- [Thread-4] o.s.b.a.mongo.embedded.EmbeddedMongo     : 2022-08-11T10:30:13.745+0530 I INDEX    [initandlisten] build index on: admin.system.version properties: { v: 2, key: { version: 1 }, name: "incompatible_with_version_32", ns: "admin.system.version" }
2022-08-11 10:30:13.745  INFO 13432 --- [Thread-4] o.s.b.a.mongo.embedded.EmbeddedMongo     : 2022-08-11T10:30:13.745+0530 I INDEX    [initandlisten] 	 building index using bulk method; build may temporarily use up to 500 megabytes of RAM
2022-08-11 10:30:13.748  INFO 13432 --- [Thread-4] o.s.b.a.mongo.embedded.EmbeddedMongo     : 2022-08-11T10:30:13.748+0530 I INDEX    [initandlisten] build index done.  scanned 0 total records. 0 secs
2022-08-11 10:30:13.748  INFO 13432 --- [Thread-4] o.s.b.a.mongo.embedded.EmbeddedMongo     : 2022-08-11T10:30:13.749+0530 I COMMAND  [initandlisten] setting featureCompatibilityVersion to 3.4
2022-08-11 10:30:13.749  INFO 13432 --- [Thread-4] o.s.b.a.mongo.embedded.EmbeddedMongo     : 2022-08-11T10:30:13.749+0530 I NETWORK  [thread1] waiting for connections on port 60210
2022-08-11 10:30:13.749  INFO 13432 --- [restartedMain] d.f.embed.mongo.MongodExecutable         : start de.flapdoodle.embed.mongo.config.MongodConfigBuilder$ImmutableMongodConfig@42793fa3
2022-08-11 10:30:13.796  INFO 13432 --- [restartedMain] org.mongodb.driver.cluster               : Cluster created with settings {hosts=[localhost:60210], mode=SINGLE, requiredClusterType=UNKNOWN, serverSelectionTimeout='30000 ms'}
2022-08-11 10:30:13.825  INFO 13432 --- [Thread-4] o.s.b.a.mongo.embedded.EmbeddedMongo     : 2022-08-11T10:30:13.826+0530 I NETWORK  [thread1] connection accepted from 127.0.0.1:60214 #1 (1 connection now open)
2022-08-11 10:30:13.825  INFO 13432 --- [Thread-4] o.s.b.a.mongo.embedded.EmbeddedMongo     : 2022-08-11T10:30:13.826+0530 I NETWORK  [thread1] connection accepted from 127.0.0.1:60215 #2 (2 connections now open)
2022-08-11 10:30:13.832  INFO 13432 --- [Thread-4] o.s.b.a.mongo.embedded.EmbeddedMongo     : 2022-08-11T10:30:13.832+0530 I NETWORK  [conn1] received client metadata from 127.0.0.1:60214 conn1: { driver: { name: "mongo-java-driver|sync|spring-boot", version: "4.1.2" }, os: { type: "Windows", name: "Windows 10", architecture: "amd64", version: "10.0" }, platform: "Java/Eclipse Adoptium/17.0.2+8" }
2022-08-11 10:30:13.832  INFO 13432 --- [Thread-4] o.s.b.a.mongo.embedded.EmbeddedMongo     : 2022-08-11T10:30:13.832+0530 I NETWORK  [conn2] received client metadata from 127.0.0.1:60215 conn2: { driver: { name: "mongo-java-driver|sync|spring-boot", version: "4.1.2" }, os: { type: "Windows", name: "Windows 10", architecture: "amd64", version: "10.0" }, platform: "Java/Eclipse Adoptium/17.0.2+8" }
2022-08-11 10:30:13.839  INFO 13432 --- [cluster-ClusterId{value='62f48cdd445ac5691ec9c6f6', description='null'}-localhost:60210] org.mongodb.driver.connection            : Opened connection [connectionId{localValue:2, serverValue:2}] to localhost:60210
2022-08-11 10:30:13.839  INFO 13432 --- [cluster-ClusterId{value='62f48cdd445ac5691ec9c6f6', description='null'}-localhost:60210] org.mongodb.driver.cluster               : Monitor thread successfully connected to server with description ServerDescription{address=localhost:60210, type=STANDALONE, state=CONNECTED, ok=true, minWireVersion=0, maxWireVersion=5, maxDocumentSize=16777216, logicalSessionTimeoutMinutes=null, roundTripTimeNanos=12832200}
2022-08-11 10:30:13.840  INFO 13432 --- [cluster-rtt-ClusterId{value='62f48cdd445ac5691ec9c6f6', description='null'}-localhost:60210] org.mongodb.driver.connection            : Opened connection [connectionId{localValue:1, serverValue:1}] to localhost:60210
2022-08-11 10:30:14.008 DEBUG 13432 --- [restartedMain] c.tweetapp.api.config.JwtRequestFilter   : Filter 'jwtRequestFilter' configured for use
2022-08-11 10:30:14.031  INFO 13432 --- [restartedMain] o.s.b.d.a.OptionalLiveReloadServer       : LiveReload server is running on port 35729
2022-08-11 10:30:14.411  INFO 13432 --- [restartedMain] o.s.b.a.e.web.EndpointLinksResolver      : Exposing 15 endpoint(s) beneath base path '/actuator'
2022-08-11 10:30:14.488  INFO 13432 --- [restartedMain] o.s.s.web.DefaultSecurityFilterChain     : Will secure Ant [pattern='/api/v1.0/tweets/login'] with []
2022-08-11 10:30:14.488  INFO 13432 --- [restartedMain] o.s.s.web.DefaultSecurityFilterChain     : Will secure Ant [pattern='/api/v1.0/tweets/register'] with []
2022-08-11 10:30:14.488  INFO 13432 --- [restartedMain] o.s.s.web.DefaultSecurityFilterChain     : Will secure Ant [pattern='/actuator/**'] with []
2022-08-11 10:30:14.488  INFO 13432 --- [restartedMain] o.s.s.web.DefaultSecurityFilterChain     : Will secure Ant [pattern='/api/v1.0/tweets/reset'] with []
2022-08-11 10:30:14.541  INFO 13432 --- [restartedMain] o.s.s.web.DefaultSecurityFilterChain     : Will secure any request with [org.springframework.security.web.context.request.async.WebAsyncManagerIntegrationFilter@13354c07, org.springframework.security.web.context.SecurityContextPersistenceFilter@2a685861, org.springframework.security.web.header.HeaderWriterFilter@86e860c, org.springframework.web.filter.CorsFilter@3a843d72, org.springframework.security.web.authentication.logout.LogoutFilter@3d2ae28c, com.tweetapp.api.config.JwtRequestFilter@3719d1aa, org.springframework.security.web.savedrequest.RequestCacheAwareFilter@627464e2, org.springframework.security.web.servletapi.SecurityContextHolderAwareRequestFilter@a4a071c, org.springframework.security.web.authentication.AnonymousAuthenticationFilter@48c954b5, org.springframework.security.web.session.SessionManagementFilter@13137335, org.springframework.security.web.access.ExceptionTranslationFilter@f1edbb, org.springframework.security.web.access.intercept.FilterSecurityInterceptor@3be51da7]
2022-08-11 10:30:14.577  INFO 13432 --- [restartedMain] o.s.s.concurrent.ThreadPoolTaskExecutor  : Initializing ExecutorService 'applicationTaskExecutor'
2022-08-11 10:30:14.782  INFO 13432 --- [restartedMain] o.s.b.w.embedded.tomcat.TomcatWebServer  : Tomcat started on port(s): 8090 (http) with context path ''
2022-08-11 10:30:14.987  INFO 13432 --- [restartedMain] com.tweetapp.api.ApiApplication          : Started ApiApplication in 3.411 seconds (JVM running for 3.905)
2022-08-11 10:30:15.745  INFO 13432 --- [RMI TCP Connection(3)-127.0.0.1] o.a.c.c.C.[Tomcat].[localhost].[/]       : Initializing Spring DispatcherServlet 'dispatcherServlet'
2022-08-11 10:30:15.745  INFO 13432 --- [RMI TCP Connection(3)-127.0.0.1] o.s.web.servlet.DispatcherServlet        : Initializing Servlet 'dispatcherServlet'
2022-08-11 10:30:15.746  INFO 13432 --- [RMI TCP Connection(3)-127.0.0.1] o.s.web.servlet.DispatcherServlet        : Completed initialization in 1 ms
2022-08-11 10:32:37.369  INFO 13432 --- [http-nio-8090-exec-1] c.tweetapp.api.config.JwtRequestFilter   : START :: Method :: doFilterInternal() :: 
2022-08-11 10:32:37.403  INFO 13432 --- [http-nio-8090-exec-1] c.t.api.controller.TweetAppController    : Successful login...
2022-08-11 10:32:37.404 DEBUG 13432 --- [http-nio-8090-exec-1] c.t.api.service.CustomerDetailsService   : Start : loadUserByUsername
2022-08-11 10:32:37.432  INFO 13432 --- [Thread-4] o.s.b.a.mongo.embedded.EmbeddedMongo     : 2022-08-11T10:32:37.433+0530 I NETWORK  [thread1] connection accepted from 127.0.0.1:60250 #3 (3 connections now open)
2022-08-11 10:32:37.433  INFO 13432 --- [Thread-4] o.s.b.a.mongo.embedded.EmbeddedMongo     : 2022-08-11T10:32:37.433+0530 I NETWORK  [conn3] received client metadata from 127.0.0.1:60250 conn3: { driver: { name: "mongo-java-driver|sync|spring-boot", version: "4.1.2" }, os: { type: "Windows", name: "Windows 10", architecture: "amd64", version: "10.0" }, platform: "Java/Eclipse Adoptium/17.0.2+8" }
2022-08-11 10:32:37.433  INFO 13432 --- [http-nio-8090-exec-1] org.mongodb.driver.connection            : Opened connection [connectionId{localValue:3, serverValue:3}] to localhost:60210
2022-08-11 10:32:37.442 DEBUG 13432 --- [http-nio-8090-exec-1] c.t.api.service.CustomerDetailsService   : End : loadUserByUsername
2022-08-11 10:32:37.443  INFO 13432 --- [http-nio-8090-exec-1] c.t.api.controller.TweetAppController    : User ar does not exist
2022-08-11 10:32:37.457  INFO 13432 --- [http-nio-8090-exec-1] c.tweetapp.api.config.JwtRequestFilter   : END :: Method :: doFilterInternal() :: 
2022-08-11 10:32:39.946  INFO 13432 --- [http-nio-8090-exec-3] c.tweetapp.api.config.JwtRequestFilter   : START :: Method :: doFilterInternal() :: 
2022-08-11 10:32:39.949  INFO 13432 --- [http-nio-8090-exec-3] c.t.api.controller.TweetAppController    : User created successfully!!!...
2022-08-11 10:32:39.951  INFO 13432 --- [http-nio-8090-exec-3] c.tweetapp.api.service.UserServiceImpl   : Registration successfully...
2022-08-11 10:32:40.008  INFO 13432 --- [http-nio-8090-exec-3] c.tweetapp.api.config.JwtRequestFilter   : END :: Method :: doFilterInternal() :: 
2022-08-11 10:32:42.174  INFO 13432 --- [http-nio-8090-exec-4] c.tweetapp.api.config.JwtRequestFilter   : START :: Method :: doFilterInternal() :: 
2022-08-11 10:32:42.175  INFO 13432 --- [http-nio-8090-exec-4] c.t.api.controller.TweetAppController    : Successful login...
2022-08-11 10:32:42.175 DEBUG 13432 --- [http-nio-8090-exec-4] c.t.api.service.CustomerDetailsService   : Start : loadUserByUsername
2022-08-11 10:32:42.180 DEBUG 13432 --- [http-nio-8090-exec-4] c.t.api.service.CustomerDetailsService   : End : loadUserByUsername
2022-08-11 10:32:42.180  INFO 13432 --- [http-nio-8090-exec-4] com.tweetapp.api.config.JwtUtil          : START :: Method :: generateToken() :: 
2022-08-11 10:32:42.180  INFO 13432 --- [http-nio-8090-exec-4] com.tweetapp.api.config.JwtUtil          : START :: Method :: generateToken() :: 
2022-08-11 10:32:42.180  INFO 13432 --- [http-nio-8090-exec-4] com.tweetapp.api.config.JwtUtil          : START :: Method :: createToken() :: 
2022-08-11 10:32:42.180  INFO 13432 --- [http-nio-8090-exec-4] com.tweetapp.api.config.JwtUtil          : END :: Method :: createToken() :: 
2022-08-11 10:32:42.215  INFO 13432 --- [http-nio-8090-exec-4] c.tweetapp.api.service.UserServiceImpl   : Login Successful..
2022-08-11 10:32:42.216  INFO 13432 --- [http-nio-8090-exec-4] c.tweetapp.api.config.JwtRequestFilter   : END :: Method :: doFilterInternal() :: 
2022-08-11 10:35:08.509  INFO 13432 --- [http-nio-8090-exec-7] c.tweetapp.api.config.JwtRequestFilter   : START :: Method :: doFilterInternal() :: 
2022-08-11 10:35:08.509  INFO 13432 --- [http-nio-8090-exec-7] com.tweetapp.api.config.JwtUtil          : START :: Method :: extractUsername() :: 
2022-08-11 10:35:08.509  INFO 13432 --- [http-nio-8090-exec-7] com.tweetapp.api.config.JwtUtil          : END :: Method :: extractUsername() :: 
2022-08-11 10:35:08.510  INFO 13432 --- [http-nio-8090-exec-7] com.tweetapp.api.config.JwtUtil          : START :: Method :: extractClaim() :: 
2022-08-11 10:35:08.510  INFO 13432 --- [http-nio-8090-exec-7] com.tweetapp.api.config.JwtUtil          : START :: Method :: extractAllClaims() :: 
2022-08-11 10:35:08.510  INFO 13432 --- [http-nio-8090-exec-7] com.tweetapp.api.config.JwtUtil          : END :: Method :: extractAllClaims() :: 
2022-08-11 10:35:08.522 ERROR 13432 --- [http-nio-8090-exec-7] o.a.c.c.C.[.[.[/].[dispatcherServlet]    : Servlet.service() for servlet [dispatcherServlet] in context with path [] threw exception

io.jsonwebtoken.ExpiredJwtException: JWT expired at 2022-08-04T18:22:47Z. Current time: 2022-08-11T10:35:08Z, a difference of 576741517 milliseconds.  Allowed clock skew: 0 milliseconds.
	at io.jsonwebtoken.impl.DefaultJwtParser.parse(DefaultJwtParser.java:385) ~[jjwt-0.9.1.jar:0.9.1]
	at io.jsonwebtoken.impl.DefaultJwtParser.parse(DefaultJwtParser.java:481) ~[jjwt-0.9.1.jar:0.9.1]
	at io.jsonwebtoken.impl.DefaultJwtParser.parseClaimsJws(DefaultJwtParser.java:541) ~[jjwt-0.9.1.jar:0.9.1]
	at com.tweetapp.api.config.JwtUtil.extractAllClaims(JwtUtil.java:45) ~[classes/:na]
	at com.tweetapp.api.config.JwtUtil.extractClaim(JwtUtil.java:37) ~[classes/:na]
	at com.tweetapp.api.config.JwtUtil.extractUsername(JwtUtil.java:26) ~[classes/:na]
	at com.tweetapp.api.config.JwtRequestFilter.doFilterInternal(JwtRequestFilter.java:46) ~[classes/:na]
	at org.springframework.web.filter.OncePerRequestFilter.doFilter(OncePerRequestFilter.java:119) ~[spring-web-5.3.6.jar:5.3.6]
	at org.springframework.security.web.FilterChainProxy$VirtualFilterChain.doFilter(FilterChainProxy.java:336) ~[spring-security-web-5.4.6.jar:5.4.6]
	at org.springframework.security.web.authentication.logout.LogoutFilter.doFilter(LogoutFilter.java:103) ~[spring-security-web-5.4.6.jar:5.4.6]
	at org.springframework.security.web.authentication.logout.LogoutFilter.doFilter(LogoutFilter.java:89) ~[spring-security-web-5.4.6.jar:5.4.6]
	at org.springframework.security.web.FilterChainProxy$VirtualFilterChain.doFilter(FilterChainProxy.java:336) ~[spring-security-web-5.4.6.jar:5.4.6]
	at org.springframework.web.filter.CorsFilter.doFilterInternal(CorsFilter.java:91) ~[spring-web-5.3.6.jar:5.3.6]
	at org.springframework.web.filter.OncePerRequestFilter.doFilter(OncePerRequestFilter.java:119) ~[spring-web-5.3.6.jar:5.3.6]
	at org.springframework.security.web.FilterChainProxy$VirtualFilterChain.doFilter(FilterChainProxy.java:336) ~[spring-security-web-5.4.6.jar:5.4.6]
	at org.springframework.security.web.header.HeaderWriterFilter.doHeadersAfter(HeaderWriterFilter.java:90) ~[spring-security-web-5.4.6.jar:5.4.6]
	at org.springframework.security.web.header.HeaderWriterFilter.doFilterInternal(HeaderWriterFilter.java:75) ~[spring-security-web-5.4.6.jar:5.4.6]
	at org.springframework.web.filter.OncePerRequestFilter.doFilter(OncePerRequestFilter.java:119) ~[spring-web-5.3.6.jar:5.3.6]
	at org.springframework.security.web.FilterChainProxy$VirtualFilterChain.doFilter(FilterChainProxy.java:336) ~[spring-security-web-5.4.6.jar:5.4.6]
	at org.springframework.security.web.context.SecurityContextPersistenceFilter.doFilter(SecurityContextPersistenceFilter.java:110) ~[spring-security-web-5.4.6.jar:5.4.6]
	at org.springframework.security.web.context.SecurityContextPersistenceFilter.doFilter(SecurityContextPersistenceFilter.java:80) ~[spring-security-web-5.4.6.jar:5.4.6]
	at org.springframework.security.web.FilterChainProxy$VirtualFilterChain.doFilter(FilterChainProxy.java:336) ~[spring-security-web-5.4.6.jar:5.4.6]
	at org.springframework.security.web.context.request.async.WebAsyncManagerIntegrationFilter.doFilterInternal(WebAsyncManagerIntegrationFilter.java:55) ~[spring-security-web-5.4.6.jar:5.4.6]
	at org.springframework.web.filter.OncePerRequestFilter.doFilter(OncePerRequestFilter.java:119) ~[spring-web-5.3.6.jar:5.3.6]
	at org.springframework.security.web.FilterChainProxy$VirtualFilterChain.doFilter(FilterChainProxy.java:336) ~[spring-security-web-5.4.6.jar:5.4.6]
	at org.springframework.security.web.FilterChainProxy.doFilterInternal(FilterChainProxy.java:211) ~[spring-security-web-5.4.6.jar:5.4.6]
	at org.springframework.security.web.FilterChainProxy.doFilter(FilterChainProxy.java:183) ~[spring-security-web-5.4.6.jar:5.4.6]
	at org.springframework.web.filter.DelegatingFilterProxy.invokeDelegate(DelegatingFilterProxy.java:358) ~[spring-web-5.3.6.jar:5.3.6]
	at org.springframework.web.filter.DelegatingFilterProxy.doFilter(DelegatingFilterProxy.java:271) ~[spring-web-5.3.6.jar:5.3.6]
	at org.apache.catalina.core.ApplicationFilterChain.internalDoFilter(ApplicationFilterChain.java:189) ~[tomcat-embed-core-9.0.45.jar:9.0.45]
	at org.apache.catalina.core.ApplicationFilterChain.doFilter(ApplicationFilterChain.java:162) ~[tomcat-embed-core-9.0.45.jar:9.0.45]
	at org.springframework.web.filter.RequestContextFilter.doFilterInternal(RequestContextFilter.java:100) ~[spring-web-5.3.6.jar:5.3.6]
	at org.springframework.web.filter.OncePerRequestFilter.doFilter(OncePerRequestFilter.java:119) ~[spring-web-5.3.6.jar:5.3.6]
	at org.apache.catalina.core.ApplicationFilterChain.internalDoFilter(ApplicationFilterChain.java:189) ~[tomcat-embed-core-9.0.45.jar:9.0.45]
	at org.apache.catalina.core.ApplicationFilterChain.doFilter(ApplicationFilterChain.java:162) ~[tomcat-embed-core-9.0.45.jar:9.0.45]
	at org.springframework.web.filter.FormContentFilter.doFilterInternal(FormContentFilter.java:93) ~[spring-web-5.3.6.jar:5.3.6]
	at org.springframework.web.filter.OncePerRequestFilter.doFilter(OncePerRequestFilter.java:119) ~[spring-web-5.3.6.jar:5.3.6]
	at org.apache.catalina.core.ApplicationFilterChain.internalDoFilter(ApplicationFilterChain.java:189) ~[tomcat-embed-core-9.0.45.jar:9.0.45]
	at org.apache.catalina.core.ApplicationFilterChain.doFilter(ApplicationFilterChain.java:162) ~[tomcat-embed-core-9.0.45.jar:9.0.45]
	at org.springframework.boot.actuate.metrics.web.servlet.WebMvcMetricsFilter.doFilterInternal(WebMvcMetricsFilter.java:93) ~[spring-boot-actuator-2.4.5.jar:2.4.5]
	at org.springframework.web.filter.OncePerRequestFilter.doFilter(OncePerRequestFilter.java:119) ~[spring-web-5.3.6.jar:5.3.6]
	at org.apache.catalina.core.ApplicationFilterChain.internalDoFilter(ApplicationFilterChain.java:189) ~[tomcat-embed-core-9.0.45.jar:9.0.45]
	at org.apache.catalina.core.ApplicationFilterChain.doFilter(ApplicationFilterChain.java:162) ~[tomcat-embed-core-9.0.45.jar:9.0.45]
	at org.springframework.web.filter.CharacterEncodingFilter.doFilterInternal(CharacterEncodingFilter.java:201) ~[spring-web-5.3.6.jar:5.3.6]
	at org.springframework.web.filter.OncePerRequestFilter.doFilter(OncePerRequestFilter.java:119) ~[spring-web-5.3.6.jar:5.3.6]
	at org.apache.catalina.core.ApplicationFilterChain.internalDoFilter(ApplicationFilterChain.java:189) ~[tomcat-embed-core-9.0.45.jar:9.0.45]
	at org.apache.catalina.core.ApplicationFilterChain.doFilter(ApplicationFilterChain.java:162) ~[tomcat-embed-core-9.0.45.jar:9.0.45]
	at org.apache.catalina.core.StandardWrapperValve.invoke(StandardWrapperValve.java:202) ~[tomcat-embed-core-9.0.45.jar:9.0.45]
	at org.apache.catalina.core.StandardContextValve.invoke(StandardContextValve.java:97) ~[tomcat-embed-core-9.0.45.jar:9.0.45]
	at org.apache.catalina.authenticator.AuthenticatorBase.invoke(AuthenticatorBase.java:542) ~[tomcat-embed-core-9.0.45.jar:9.0.45]
	at org.apache.catalina.core.StandardHostValve.invoke(StandardHostValve.java:143) ~[tomcat-embed-core-9.0.45.jar:9.0.45]
	at org.apache.catalina.valves.ErrorReportValve.invoke(ErrorReportValve.java:92) ~[tomcat-embed-core-9.0.45.jar:9.0.45]
	at org.apache.catalina.core.StandardEngineValve.invoke(StandardEngineValve.java:78) ~[tomcat-embed-core-9.0.45.jar:9.0.45]
	at org.apache.catalina.connector.CoyoteAdapter.service(CoyoteAdapter.java:357) ~[tomcat-embed-core-9.0.45.jar:9.0.45]
	at org.apache.coyote.http11.Http11Processor.service(Http11Processor.java:374) ~[tomcat-embed-core-9.0.45.jar:9.0.45]
	at org.apache.coyote.AbstractProcessorLight.process(AbstractProcessorLight.java:65) ~[tomcat-embed-core-9.0.45.jar:9.0.45]
	at org.apache.coyote.AbstractProtocol$ConnectionHandler.process(AbstractProtocol.java:893) ~[tomcat-embed-core-9.0.45.jar:9.0.45]
	at org.apache.tomcat.util.net.NioEndpoint$SocketProcessor.doRun(NioEndpoint.java:1707) ~[tomcat-embed-core-9.0.45.jar:9.0.45]
	at org.apache.tomcat.util.net.SocketProcessorBase.run(SocketProcessorBase.java:49) ~[tomcat-embed-core-9.0.45.jar:9.0.45]
	at java.base/java.util.concurrent.ThreadPoolExecutor.runWorker(ThreadPoolExecutor.java:1136) ~[na:na]
	at java.base/java.util.concurrent.ThreadPoolExecutor$Worker.run(ThreadPoolExecutor.java:635) ~[na:na]
	at org.apache.tomcat.util.threads.TaskThread$WrappingRunnable.run(TaskThread.java:61) ~[tomcat-embed-core-9.0.45.jar:9.0.45]
	at java.base/java.lang.Thread.run(Thread.java:833) ~[na:na]

2022-08-11 10:35:24.849  INFO 13432 --- [http-nio-8090-exec-8] c.tweetapp.api.config.JwtRequestFilter   : START :: Method :: doFilterInternal() :: 
2022-08-11 10:35:24.849  INFO 13432 --- [http-nio-8090-exec-8] com.tweetapp.api.config.JwtUtil          : START :: Method :: extractUsername() :: 
2022-08-11 10:35:24.849  INFO 13432 --- [http-nio-8090-exec-8] com.tweetapp.api.config.JwtUtil          : END :: Method :: extractUsername() :: 
2022-08-11 10:35:24.849  INFO 13432 --- [http-nio-8090-exec-8] com.tweetapp.api.config.JwtUtil          : START :: Method :: extractClaim() :: 
2022-08-11 10:35:24.849  INFO 13432 --- [http-nio-8090-exec-8] com.tweetapp.api.config.JwtUtil          : START :: Method :: extractAllClaims() :: 
2022-08-11 10:35:24.850  INFO 13432 --- [http-nio-8090-exec-8] com.tweetapp.api.config.JwtUtil          : END :: Method :: extractAllClaims() :: 
2022-08-11 10:35:24.851  INFO 13432 --- [http-nio-8090-exec-8] com.tweetapp.api.config.JwtUtil          : END :: Method :: extractClaim() :: 
2022-08-11 10:35:24.852 DEBUG 13432 --- [http-nio-8090-exec-8] c.t.api.service.CustomerDetailsService   : Start : loadUserByUsername
2022-08-11 10:35:24.855 DEBUG 13432 --- [http-nio-8090-exec-8] c.t.api.service.CustomerDetailsService   : End : loadUserByUsername
2022-08-11 10:35:24.855  INFO 13432 --- [http-nio-8090-exec-8] com.tweetapp.api.config.JwtUtil          : START :: Method :: validateToken() :: 
2022-08-11 10:35:24.855  INFO 13432 --- [http-nio-8090-exec-8] com.tweetapp.api.config.JwtUtil          : START :: Method :: extractUsername() :: 
2022-08-11 10:35:24.855  INFO 13432 --- [http-nio-8090-exec-8] com.tweetapp.api.config.JwtUtil          : END :: Method :: extractUsername() :: 
2022-08-11 10:35:24.855  INFO 13432 --- [http-nio-8090-exec-8] com.tweetapp.api.config.JwtUtil          : START :: Method :: extractClaim() :: 
2022-08-11 10:35:24.855  INFO 13432 --- [http-nio-8090-exec-8] com.tweetapp.api.config.JwtUtil          : START :: Method :: extractAllClaims() :: 
2022-08-11 10:35:24.855  INFO 13432 --- [http-nio-8090-exec-8] com.tweetapp.api.config.JwtUtil          : END :: Method :: extractAllClaims() :: 
2022-08-11 10:35:24.856  INFO 13432 --- [http-nio-8090-exec-8] com.tweetapp.api.config.JwtUtil          : END :: Method :: extractClaim() :: 
2022-08-11 10:35:24.856  INFO 13432 --- [http-nio-8090-exec-8] com.tweetapp.api.config.JwtUtil          : END :: Method :: validateToken() :: 
2022-08-11 10:35:24.856  INFO 13432 --- [http-nio-8090-exec-8] com.tweetapp.api.config.JwtUtil          : START :: Method :: isTokenExpired() :: 
2022-08-11 10:35:24.856  INFO 13432 --- [http-nio-8090-exec-8] com.tweetapp.api.config.JwtUtil          : END :: Method :: isTokenExpired() :: 
2022-08-11 10:35:24.856  INFO 13432 --- [http-nio-8090-exec-8] com.tweetapp.api.config.JwtUtil          : START :: Method :: extractExpiration() :: 
2022-08-11 10:35:24.856  INFO 13432 --- [http-nio-8090-exec-8] com.tweetapp.api.config.JwtUtil          : END :: Method :: extractExpiration() :: 
2022-08-11 10:35:24.856  INFO 13432 --- [http-nio-8090-exec-8] com.tweetapp.api.config.JwtUtil          : START :: Method :: extractClaim() :: 
2022-08-11 10:35:24.856  INFO 13432 --- [http-nio-8090-exec-8] com.tweetapp.api.config.JwtUtil          : START :: Method :: extractAllClaims() :: 
2022-08-11 10:35:24.857  INFO 13432 --- [http-nio-8090-exec-8] com.tweetapp.api.config.JwtUtil          : END :: Method :: extractAllClaims() :: 
2022-08-11 10:35:24.857  INFO 13432 --- [http-nio-8090-exec-8] com.tweetapp.api.config.JwtUtil          : END :: Method :: extractClaim() :: 
2022-08-11 10:35:24.860  INFO 13432 --- [http-nio-8090-exec-8] c.t.api.controller.TweetAppController    : Retrived all the users
2022-08-11 10:35:24.860  INFO 13432 --- [http-nio-8090-exec-8] c.tweetapp.api.service.UserServiceImpl   : Retriving all the users
2022-08-11 10:35:24.864  INFO 13432 --- [http-nio-8090-exec-8] c.tweetapp.api.config.JwtRequestFilter   : END :: Method :: doFilterInternal() :: 
2022-08-11 10:37:20.159  INFO 13432 --- [Thread-6] o.s.s.concurrent.ThreadPoolTaskExecutor  : Shutting down ExecutorService 'applicationTaskExecutor'
2022-08-11 10:37:20.167  INFO 13432 --- [Thread-6] org.mongodb.driver.connection            : Closed connection [connectionId{localValue:3, serverValue:3}] to localhost:60210 because the pool has been closed.
2022-08-11 10:37:20.167  INFO 13432 --- [Thread-4] o.s.b.a.mongo.embedded.EmbeddedMongo     : 2022-08-11T10:37:20.168+0530 I -        [conn3] end connection 127.0.0.1:60250 (3 connections now open)
2022-08-11 10:37:20.167  INFO 13432 --- [Thread-4] o.s.b.a.mongo.embedded.EmbeddedMongo     : 2022-08-11T10:37:20.168+0530 I -        [conn2] end connection 127.0.0.1:60215 (2 connections now open)
2022-08-11 10:37:20.168  INFO 13432 --- [Thread-4] o.s.b.a.mongo.embedded.EmbeddedMongo     : 2022-08-11T10:37:20.168+0530 I -        [conn1] end connection 127.0.0.1:60214 (1 connection now open)
2022-08-11 10:37:20.169  INFO 13432 --- [Thread-4] o.s.b.a.mongo.embedded.EmbeddedMongo     : 2022-08-11T10:37:20.169+0530 I NETWORK  [thread1] connection accepted from 127.0.0.1:56189 #4 (1 connection now open)
2022-08-11 10:37:20.169  INFO 13432 --- [Thread-4] o.s.b.a.mongo.embedded.EmbeddedMongo     : 2022-08-11T10:37:20.170+0530 I COMMAND  [conn4] terminating, shutdown command received
2022-08-11 10:37:20.169  INFO 13432 --- [Thread-4] o.s.b.a.mongo.embedded.EmbeddedMongo     : 2022-08-11T10:37:20.170+0530 I NETWORK  [conn4] shutdown: going to close listening sockets...
2022-08-11 10:37:20.169  INFO 13432 --- [Thread-4] o.s.b.a.mongo.embedded.EmbeddedMongo     : 2022-08-11T10:37:20.170+0530 I NETWORK  [conn4] closing listening socket: 560
2022-08-11 10:37:20.169  INFO 13432 --- [Thread-4] o.s.b.a.mongo.embedded.EmbeddedMongo     : 2022-08-11T10:37:20.170+0530 I NETWORK  [conn4] shutdown: going to flush diaglog...
2022-08-11 10:37:20.170  INFO 13432 --- [Thread-4] o.s.b.a.mongo.embedded.EmbeddedMongo     : 2022-08-11T10:37:20.170+0530 I FTDC     [conn4] Shutting down full-time diagnostic data capture
2022-08-11 10:37:20.174  INFO 13432 --- [Thread-4] o.s.b.a.mongo.embedded.EmbeddedMongo     : 2022-08-11T10:37:20.174+0530 I STORAGE  [conn4] WiredTigerKVEngine shutting down
2022-08-11 10:37:20.203  INFO 13432 --- [Thread-4] o.s.b.a.mongo.embedded.EmbeddedMongo     : 2022-08-11T10:37:20.204+0530 I STORAGE  [conn4] shutdown: removing fs lock...
2022-08-11 10:37:20.204  INFO 13432 --- [Thread-4] o.s.b.a.mongo.embedded.EmbeddedMongo     : 2022-08-11T10:37:20.204+0530 I CONTROL  [conn4] now exiting
2022-08-11 10:37:20.204  INFO 13432 --- [Thread-4] o.s.b.a.mongo.embedded.EmbeddedMongo     : 2022-08-11T10:37:20.204+0530 I CONTROL  [conn4] shutting down with code:0
